#
# A fatal error has been detected by the Java Runtime Environment:
#
#  EXCEPTION_ACCESS_VIOLATION (0xc0000005) at pc=0x0000000055938b7e, pid=10856, tid=0x0000000000003468
#
# JRE version: OpenJDK Runtime Environment (8.0_242-b01) (build 1.8.0_242-release-1644-b01)
# Java VM: OpenJDK 64-Bit Server VM (25.242-b01 mixed mode windows-amd64 compressed oops)
# Problematic frame:
# V  [jvm.dll+0x438b7e]
#
# Failed to write core dump. Minidumps are not enabled by default on client versions of Windows
#
# If you would like to submit a bug report, please visit:
#   
#

---------------  T H R E A D  ---------------

Current thread (0x000000001a031000):  JavaThread "C2 CompilerThread0" daemon [_thread_in_native, id=13416, stack(0x000000001a900000,0x000000001aa00000)]

siginfo: ExceptionCode=0xc0000005, reading address 0x0000000021b83b70

Registers:
RAX=0x0000000000000000, RBX=0x0000000020157810, RCX=0x000000001a9fc780, RDX=0x000000001fb83b70
RSP=0x000000001a9fc300, RBP=0x000000001a9fc360, RSI=0x00000000001fa680, RDI=0x0000000000000000
R8 =0x0000000000000000, R9 =0x0000000000000000, R10=0x0000000000800000, R11=0x0000000020157848
R12=0x0000000020157810, R13=0x000000000000752f, R14=0x0000000055500000, R15=0x0000000000000000
RIP=0x0000000055938b7e, EFLAGS=0x0000000000010206

Top of Stack: (sp=0x000000001a9fc300)
0x000000001a9fc300:   00000000212d6fd0 00000000212d6fd0
0x000000001a9fc310:   000000001a9fc780 000000001a9fc490
0x000000001a9fc320:   0000105100000000 0000000000000008
0x000000001a9fc330:   000000001ba6f440 0000000000000040
0x000000001a9fc340:   000000001b716270 0000000000000040
0x000000001a9fc350:   000000002142e6d0 00000000208c1c30
0x000000001a9fc360:   0000000000000000 0000000000000000
0x000000001a9fc370:   000000001a9fc780 00000000559390b7
0x000000001a9fc380:   0000000020157810 0000000020157810
0x000000001a9fc390:   00000000001fa680 00000000001fa680
0x000000001a9fc3a0:   0000105100000000 0000000000000008
0x000000001a9fc3b0:   000000001ba6f440 0000000000000040
0x000000001a9fc3c0:   000000001b716270 0000000000000040
0x000000001a9fc3d0:   000000002142e6d0 0000000000000000
0x000000001a9fc3e0:   000000001b040348 0000000000000000
0x000000001a9fc3f0:   00000000000003d8 000000001b03ff70 

Instructions: (pc=0x0000000055938b7e)
0x0000000055938b5e:   cc cc 48 89 74 24 18 55 57 41 54 48 8b ec 48 83
0x0000000055938b6e:   ec 60 4c 63 52 20 4c 8b e2 48 8b 91 08 01 00 00
0x0000000055938b7e:   46 8b 0c 92 41 8b f0 48 8b f9 45 3b ca 74 3d 0f
0x0000000055938b8e:   1f 00 41 8b c9 49 63 c1 44 8b 0c 82 44 3b c9 75 


Register to memory mapping:

RAX=0x0000000000000000 is an unknown value
RBX=0x0000000020157810 is an unknown value
RCX=0x000000001a9fc780 is pointing into the stack for thread: 0x000000001a031000
RDX=0x000000001fb83b70 is an unknown value
RSP=0x000000001a9fc300 is pointing into the stack for thread: 0x000000001a031000
RBP=0x000000001a9fc360 is pointing into the stack for thread: 0x000000001a031000
RSI=0x00000000001fa680 is an unknown value
RDI=0x0000000000000000 is an unknown value
R8 =0x0000000000000000 is an unknown value
R9 =0x0000000000000000 is an unknown value
R10=0x0000000000800000 is an unknown value
R11=0x0000000020157848 is an unknown value
R12=0x0000000020157810 is an unknown value
R13=0x000000000000752f is an unknown value
R14=0x0000000055500000 is an unknown value
R15=0x0000000000000000 is an unknown value


Stack: [0x000000001a900000,0x000000001aa00000],  sp=0x000000001a9fc300,  free space=1008k
Native frames: (J=compiled Java code, j=interpreted, Vv=VM code, C=native code)
V  [jvm.dll+0x438b7e]
V  [jvm.dll+0x4390b7]
V  [jvm.dll+0x43ac53]
V  [jvm.dll+0x4456ab]
V  [jvm.dll+0x447fa8]
V  [jvm.dll+0x42b072]
V  [jvm.dll+0x8230f]
V  [jvm.dll+0x82c7f]
V  [jvm.dll+0x220b7f]
V  [jvm.dll+0x27276a]
C  [msvcr100.dll+0x21d9f]
C  [msvcr100.dll+0x21e3b]
C  [KERNEL32.DLL+0x17034]
C  [ntdll.dll+0x4cec1]


Current CompileTask:
C2:   2465 1486   !   4       java.net.URLClassLoader$1::run (63 bytes)


---------------  P R O C E S S  ---------------

Java Threads: ( => current thread )
  0x000000001a040800 JavaThread "Cache worker for file hash cache (C:\Users\Rachit\.gradle\caches\6.1.1\fileHashes)" [_thread_blocked, id=14000, stack(0x000000001ed20000,0x000000001ee20000)]
  0x000000001a046800 JavaThread "File lock request listener" [_thread_in_native, id=9132, stack(0x000000001ec20000,0x000000001ed20000)]
  0x000000001b098800 JavaThread "Cache worker for journal cache (C:\Users\Rachit\.gradle\caches\journal-1)" [_thread_blocked, id=8564, stack(0x000000001eb20000,0x000000001ec20000)]
  0x000000001cab8800 JavaThread "Thread-9" [_thread_blocked, id=12848, stack(0x000000001e820000,0x000000001e920000)]
  0x000000001cab7800 JavaThread "Stdin handler" [_thread_blocked, id=14532, stack(0x000000001e720000,0x000000001e820000)]
  0x000000001cabe800 JavaThread "Asynchronous log dispatcher for DefaultDaemonConnection: socket connection from /127.0.0.1:50426 to /127.0.0.1:50427" [_thread_blocked, id=14912, stack(0x000000001e620000,0x000000001e720000)]
  0x000000001cabb800 JavaThread "Daemon worker" [_thread_in_Java, id=15092, stack(0x000000001e520000,0x000000001e620000)]
  0x000000001caba800 JavaThread "Cancel handler" [_thread_blocked, id=4248, stack(0x000000001e420000,0x000000001e520000)]
  0x000000001c9f4000 JavaThread "Handler for socket connection from /127.0.0.1:50426 to /127.0.0.1:50427" [_thread_in_native, id=272, stack(0x000000001e120000,0x000000001e220000)]
  0x000000001c9f1000 JavaThread "Daemon" [_thread_blocked, id=12308, stack(0x000000001e020000,0x000000001e120000)]
  0x000000001ca67000 JavaThread "Daemon periodic checks" [_thread_blocked, id=14572, stack(0x000000001df20000,0x000000001e020000)]
  0x000000001c9d3800 JavaThread "Incoming local TCP Connector on port 50426" [_thread_in_native, id=13568, stack(0x000000001dce0000,0x000000001dde0000)]
  0x000000001b05d000 JavaThread "Daemon health stats" [_thread_blocked, id=13136, stack(0x000000001d6a0000,0x000000001d7a0000)]
  0x000000001a0ce800 JavaThread "Service Thread" daemon [_thread_blocked, id=13192, stack(0x000000001ad00000,0x000000001ae00000)]
  0x000000001a044800 JavaThread "C1 CompilerThread3" daemon [_thread_blocked, id=14552, stack(0x000000001ac00000,0x000000001ad00000)]
  0x000000001a037800 JavaThread "C2 CompilerThread2" daemon [_thread_blocked, id=4372, stack(0x000000001ab00000,0x000000001ac00000)]
  0x000000001a033000 JavaThread "C2 CompilerThread1" daemon [_thread_blocked, id=6068, stack(0x000000001aa00000,0x000000001ab00000)]
=>0x000000001a031000 JavaThread "C2 CompilerThread0" daemon [_thread_in_native, id=13416, stack(0x000000001a900000,0x000000001aa00000)]
  0x000000001a030000 JavaThread "Attach Listener" daemon [_thread_blocked, id=14404, stack(0x000000001a800000,0x000000001a900000)]
  0x000000001a02f000 JavaThread "Signal Dispatcher" daemon [_thread_blocked, id=15300, stack(0x000000001a700000,0x000000001a800000)]
  0x00000000031c9000 JavaThread "Finalizer" daemon [_thread_blocked, id=12704, stack(0x000000001a500000,0x000000001a600000)]
  0x000000001823c000 JavaThread "Reference Handler" daemon [_thread_blocked, id=10952, stack(0x000000001a400000,0x000000001a500000)]
  0x000000000165e000 JavaThread "main" [_thread_blocked, id=14764, stack(0x0000000002f10000,0x0000000003010000)]

Other Threads:
  0x0000000018237800 VMThread [stack: 0x0000000019f00000,0x000000001a000000] [id=12504]
  0x000000001a0cf800 WatcherThread [stack: 0x000000001ae00000,0x000000001af00000] [id=468]

VM state:not at safepoint (normal execution)

VM Mutex/Monitor currently owned by a thread: None

heap address: 0x0000000080000000, size: 2048 MB, Compressed Oops mode: 32-bit
Narrow klass base: 0x0000000000000000, Narrow klass shift: 3
Compressed class space size: 1073741824 Address: 0x0000000100000000

Heap:
 PSYoungGen      total 71680K, used 34341K [0x00000000d5580000, 0x00000000da080000, 0x0000000100000000)
  eden space 66560K, 43% used [0x00000000d5580000,0x00000000d72094c8,0x00000000d9680000)
  from space 5120K, 100% used [0x00000000d9b80000,0x00000000da080000,0x00000000da080000)
  to   space 5120K, 0% used [0x00000000d9680000,0x00000000d9680000,0x00000000d9b80000)
 ParOldGen       total 87552K, used 3988K [0x0000000080000000, 0x0000000085580000, 0x00000000d5580000)
  object space 87552K, 4% used [0x0000000080000000,0x00000000803e50c0,0x0000000085580000)
 Metaspace       used 17820K, capacity 18314K, committed 18560K, reserved 1064960K
  class space    used 2431K, capacity 2603K, committed 2688K, reserved 1048576K

Card table byte_map: [0x0000000012590000,0x00000000129a0000] byte_map_base: 0x0000000012190000

Marking Bits: (ParMarkBitMap*) 0x0000000055ccf030
 Begin Bits: [0x0000000013450000, 0x0000000015450000)
 End Bits:   [0x0000000015450000, 0x0000000017450000)

Polling page: 0x0000000001640000

CodeCache: size=245760Kb used=5639Kb max_used=5645Kb free=240120Kb
 bounds [0x00000000031d0000, 0x0000000003760000, 0x00000000121d0000]
 total_blobs=2012 nmethods=1602 adapters=323
 compilation: enabled

Compilation events (10 events):
Event: 2.328 Thread 0x000000001a044800 1580       3       java.util.concurrent.locks.ReentrantLock$Sync::tryRelease (45 bytes)
Event: 2.328 Thread 0x000000001a044800 nmethod 1580 0x0000000003749e90 code [0x000000000374a020, 0x000000000374a5c8]
Event: 2.334 Thread 0x000000001a044800 1581       3       sun.misc.ProxyGenerator::codeLocalLoadStore (90 bytes)
Event: 2.334 Thread 0x000000001a044800 nmethod 1581 0x000000000373ff90 code [0x00000000037401e0, 0x0000000003741308]
Event: 2.334 Thread 0x000000001a044800 1582       3       java.util.ArrayList::toArray (60 bytes)
Event: 2.334 Thread 0x000000001a044800 nmethod 1582 0x000000000373f710 code [0x000000000373f8a0, 0x000000000373fe58]
Event: 2.335 Thread 0x000000001a037800 1583   !   4       java.util.concurrent.ConcurrentHashMap::putVal (362 bytes)
Event: 2.344 Thread 0x000000001a037800 nmethod 1583 0x000000000374cc10 code [0x000000000374cdc0, 0x000000000374db90]
Event: 2.354 Thread 0x000000001a033000 1584  s    4       java.lang.Throwable::fillInStackTrace (29 bytes)
Event: 2.355 Thread 0x000000001a033000 nmethod 1584 0x000000000373f1d0 code [0x000000000373f320, 0x000000000373f648]

GC Heap History (8 events):
Event: 0.517 GC heap before
{Heap before GC invocations=1 (full 0):
 PSYoungGen      total 38400K, used 33280K [0x00000000d5580000, 0x00000000d8000000, 0x0000000100000000)
  eden space 33280K, 100% used [0x00000000d5580000,0x00000000d7600000,0x00000000d7600000)
  from space 5120K, 0% used [0x00000000d7b00000,0x00000000d7b00000,0x00000000d8000000)
  to   space 5120K, 0% used [0x00000000d7600000,0x00000000d7600000,0x00000000d7b00000)
 ParOldGen       total 87552K, used 0K [0x0000000080000000, 0x0000000085580000, 0x00000000d5580000)
  object space 87552K, 0% used [0x0000000080000000,0x0000000080000000,0x0000000085580000)
 Metaspace       used 7172K, capacity 7360K, committed 7424K, reserved 1056768K
  class space    used 883K, capacity 968K, committed 1024K, reserved 1048576K
Event: 0.522 GC heap after
Heap after GC invocations=1 (full 0):
 PSYoungGen      total 38400K, used 4443K [0x00000000d5580000, 0x00000000d8000000, 0x0000000100000000)
  eden space 33280K, 0% used [0x00000000d5580000,0x00000000d5580000,0x00000000d7600000)
  from space 5120K, 86% used [0x00000000d7600000,0x00000000d7a56f48,0x00000000d7b00000)
  to   space 5120K, 0% used [0x00000000d7b00000,0x00000000d7b00000,0x00000000d8000000)
 ParOldGen       total 87552K, used 16K [0x0000000080000000, 0x0000000085580000, 0x00000000d5580000)
  object space 87552K, 0% used [0x0000000080000000,0x0000000080004000,0x0000000085580000)
 Metaspace       used 7172K, capacity 7360K, committed 7424K, reserved 1056768K
  class space    used 883K, capacity 968K, committed 1024K, reserved 1048576K
}
Event: 0.685 GC heap before
{Heap before GC invocations=2 (full 0):
 PSYoungGen      total 38400K, used 37723K [0x00000000d5580000, 0x00000000d8000000, 0x0000000100000000)
  eden space 33280K, 100% used [0x00000000d5580000,0x00000000d7600000,0x00000000d7600000)
  from space 5120K, 86% used [0x00000000d7600000,0x00000000d7a56f48,0x00000000d7b00000)
  to   space 5120K, 0% used [0x00000000d7b00000,0x00000000d7b00000,0x00000000d8000000)
 ParOldGen       total 87552K, used 16K [0x0000000080000000, 0x0000000085580000, 0x00000000d5580000)
  object space 87552K, 0% used [0x0000000080000000,0x0000000080004000,0x0000000085580000)
 Metaspace       used 7417K, capacity 7672K, committed 7936K, reserved 1056768K
  class space    used 912K, capacity 1008K, committed 1024K, reserved 1048576K
Event: 0.688 GC heap after
Heap after GC invocations=2 (full 0):
 PSYoungGen      total 38400K, used 3373K [0x00000000d5580000, 0x00000000da080000, 0x0000000100000000)
  eden space 33280K, 0% used [0x00000000d5580000,0x00000000d5580000,0x00000000d7600000)
  from space 5120K, 65% used [0x00000000d7b00000,0x00000000d7e4b790,0x00000000d8000000)
  to   space 5120K, 0% used [0x00000000d7600000,0x00000000d7600000,0x00000000d7b00000)
 ParOldGen       total 87552K, used 24K [0x0000000080000000, 0x0000000085580000, 0x00000000d5580000)
  object space 87552K, 0% used [0x0000000080000000,0x0000000080006000,0x0000000085580000)
 Metaspace       used 7417K, capacity 7672K, committed 7936K, reserved 1056768K
  class space    used 912K, capacity 1008K, committed 1024K, reserved 1048576K
}
Event: 1.376 GC heap before
{Heap before GC invocations=3 (full 0):
 PSYoungGen      total 38400K, used 36653K [0x00000000d5580000, 0x00000000da080000, 0x0000000100000000)
  eden space 33280K, 100% used [0x00000000d5580000,0x00000000d7600000,0x00000000d7600000)
  from space 5120K, 65% used [0x00000000d7b00000,0x00000000d7e4b790,0x00000000d8000000)
  to   space 5120K, 0% used [0x00000000d7600000,0x00000000d7600000,0x00000000d7b00000)
 ParOldGen       total 87552K, used 24K [0x0000000080000000, 0x0000000085580000, 0x00000000d5580000)
  object space 87552K, 0% used [0x0000000080000000,0x0000000080006000,0x0000000085580000)
 Metaspace       used 12187K, capacity 12500K, committed 12544K, reserved 1060864K
  class space    used 1630K, capacity 1762K, committed 1792K, reserved 1048576K
Event: 1.380 GC heap after
Heap after GC invocations=3 (full 0):
 PSYoungGen      total 38400K, used 5104K [0x00000000d5580000, 0x00000000da080000, 0x0000000100000000)
  eden space 33280K, 0% used [0x00000000d5580000,0x00000000d5580000,0x00000000d7600000)
  from space 5120K, 99% used [0x00000000d7600000,0x00000000d7afc010,0x00000000d7b00000)
  to   space 5120K, 0% used [0x00000000d9b80000,0x00000000d9b80000,0x00000000da080000)
 ParOldGen       total 87552K, used 1346K [0x0000000080000000, 0x0000000085580000, 0x00000000d5580000)
  object space 87552K, 1% used [0x0000000080000000,0x0000000080150b58,0x0000000085580000)
 Metaspace       used 12187K, capacity 12500K, committed 12544K, reserved 1060864K
  class space    used 1630K, capacity 1762K, committed 1792K, reserved 1048576K
}
Event: 1.968 GC heap before
{Heap before GC invocations=4 (full 0):
 PSYoungGen      total 38400K, used 38384K [0x00000000d5580000, 0x00000000da080000, 0x0000000100000000)
  eden space 33280K, 100% used [0x00000000d5580000,0x00000000d7600000,0x00000000d7600000)
  from space 5120K, 99% used [0x00000000d7600000,0x00000000d7afc010,0x00000000d7b00000)
  to   space 5120K, 0% used [0x00000000d9b80000,0x00000000d9b80000,0x00000000da080000)
 ParOldGen       total 87552K, used 1346K [0x0000000080000000, 0x0000000085580000, 0x00000000d5580000)
  object space 87552K, 1% used [0x0000000080000000,0x0000000080150b58,0x0000000085580000)
 Metaspace       used 15398K, capacity 15806K, committed 16128K, reserved 1062912K
  class space    used 2061K, capacity 2219K, committed 2304K, reserved 1048576K
Event: 1.974 GC heap after
Heap after GC invocations=4 (full 0):
 PSYoungGen      total 71680K, used 5120K [0x00000000d5580000, 0x00000000da080000, 0x0000000100000000)
  eden space 66560K, 0% used [0x00000000d5580000,0x00000000d5580000,0x00000000d9680000)
  from space 5120K, 100% used [0x00000000d9b80000,0x00000000da080000,0x00000000da080000)
  to   space 5120K, 0% used [0x00000000d9680000,0x00000000d9680000,0x00000000d9b80000)
 ParOldGen       total 87552K, used 3988K [0x0000000080000000, 0x0000000085580000, 0x00000000d5580000)
  object space 87552K, 4% used [0x0000000080000000,0x00000000803e50c0,0x0000000085580000)
 Metaspace       used 15398K, capacity 15806K, committed 16128K, reserved 1062912K
  class space    used 2061K, capacity 2219K, committed 2304K, reserved 1048576K
}

Deoptimization events (10 events):
Event: 1.271 Thread 0x000000001c9f4000 Uncommon trap: reason=unstable_if action=reinterpret pc=0x00000000034e9794 method=java.lang.String.substring(I)Ljava/lang/String; @ 35
Event: 1.293 Thread 0x000000001cabb800 Uncommon trap: reason=bimorphic action=maybe_recompile pc=0x000000000349d68c method=java.util.HashMap.putVal(ILjava/lang/Object;Ljava/lang/Object;ZZ)Ljava/lang/Object; @ 253
Event: 1.293 Thread 0x000000001cabb800 Uncommon trap: reason=bimorphic action=maybe_recompile pc=0x000000000349d68c method=java.util.HashMap.putVal(ILjava/lang/Object;Ljava/lang/Object;ZZ)Ljava/lang/Object; @ 253
Event: 1.293 Thread 0x000000001cabb800 Uncommon trap: reason=bimorphic action=maybe_recompile pc=0x000000000349d68c method=java.util.HashMap.putVal(ILjava/lang/Object;Ljava/lang/Object;ZZ)Ljava/lang/Object; @ 253
Event: 1.717 Thread 0x000000001cabb800 Uncommon trap: reason=class_check action=maybe_recompile pc=0x00000000034fc298 method=java.util.regex.Matcher.match(II)Z @ 86
Event: 1.717 Thread 0x000000001cabb800 Uncommon trap: reason=class_check action=maybe_recompile pc=0x00000000034fc298 method=java.util.regex.Matcher.match(II)Z @ 86
Event: 1.717 Thread 0x000000001cabb800 Uncommon trap: reason=class_check action=maybe_recompile pc=0x00000000034fc298 method=java.util.regex.Matcher.match(II)Z @ 86
Event: 1.718 Thread 0x000000001cabb800 Uncommon trap: reason=class_check action=maybe_recompile pc=0x0000000003380adc method=java.util.regex.Matcher.match(II)Z @ 86
Event: 2.109 Thread 0x000000001cabb800 Uncommon trap: reason=unstable_if action=reinterpret pc=0x00000000034e569c method=java.io.File.getName()Ljava/lang/String; @ 16
Event: 2.139 Thread 0x000000001cabb800 Uncommon trap: reason=unstable_if action=reinterpret pc=0x000000000370cc2c method=java.util.jar.Manifest.getTrustedAttributes(Ljava/lang/String;)Ljava/util/jar/Attributes; @ 7

Classes redefined (0 events):
No events

Internal exceptions (10 events):
Event: 1.268 Thread 0x000000001c9f4000 Exception <a 'java/lang/NoSuchMethodError': <clinit>> (0x00000000d7223260) thrown at [C:\src\AOSP-openjdk-git\hotspot\src\share\vm\prims\jni.cpp, line 1615]
Event: 1.269 Thread 0x000000001c9f4000 Exception <a 'java/lang/NoSuchMethodError': <clinit>> (0x00000000d722be00) thrown at [C:\src\AOSP-openjdk-git\hotspot\src\share\vm\prims\jni.cpp, line 1615]
Event: 1.270 Thread 0x000000001c9f4000 Exception <a 'java/lang/NoSuchMethodError': <clinit>> (0x00000000d7242208) thrown at [C:\src\AOSP-openjdk-git\hotspot\src\share\vm\prims\jni.cpp, line 1615]
Event: 1.274 Thread 0x000000001c9f4000 Exception <a 'java/lang/NoSuchMethodError': <clinit>> (0x00000000d729ca20) thrown at [C:\src\AOSP-openjdk-git\hotspot\src\share\vm\prims\jni.cpp, line 1615]
Event: 1.276 Thread 0x000000001c9f4000 Exception <a 'java/lang/NoSuchMethodError': <clinit>> (0x00000000d72c9430) thrown at [C:\src\AOSP-openjdk-git\hotspot\src\share\vm\prims\jni.cpp, line 1615]
Event: 1.279 Thread 0x000000001c9f4000 Exception <a 'java/lang/NoSuchMethodError': <clinit>> (0x00000000d72f66a8) thrown at [C:\src\AOSP-openjdk-git\hotspot\src\share\vm\prims\jni.cpp, line 1615]
Event: 1.279 Thread 0x000000001c9f4000 Exception <a 'java/lang/NoSuchMethodError': <clinit>> (0x00000000d7301730) thrown at [C:\src\AOSP-openjdk-git\hotspot\src\share\vm\prims\jni.cpp, line 1615]
Event: 2.181 Thread 0x000000001cabb800 Exception <a 'java/lang/NoSuchMethodError': java.lang.Object.lambda$and$0(Ljava/util/function/Predicate;Ljava/lang/Object;)Z> (0x00000000d651cfb8) thrown at [C:\src\AOSP-openjdk-git\hotspot\src\share\vm\interpreter\linkResolver.cpp, line 620]
Event: 2.184 Thread 0x000000001cabb800 Exception <a 'java/lang/IncompatibleClassChangeError': Found class java.lang.Object, but interface was expected> (0x00000000d652d7a8) thrown at [C:\src\AOSP-openjdk-git\hotspot\src\share\vm\interpreter\linkResolver.cpp, line 653]
Event: 2.185 Thread 0x000000001cabb800 Exception <a 'java/lang/NoSuchMethodError': java.lang.Object.lambda$or$2(Ljava/util/function/Predicate;Ljava/lang/Object;)Z> (0x00000000d65326c8) thrown at [C:\src\AOSP-openjdk-git\hotspot\src\share\vm\interpreter\linkResolver.cpp, line 620]

Events (10 events):
Event: 2.384 loading class org/gradle/internal/reflect/ClassInspector
Event: 2.384 loading class org/gradle/internal/reflect/ClassInspector done
Event: 2.394 loading class org/gradle/internal/reflect/ClassDetails
Event: 2.394 loading class org/gradle/internal/reflect/ClassDetails done
Event: 2.394 loading class org/gradle/internal/reflect/MutableClassDetails
Event: 2.394 loading class org/gradle/internal/reflect/MutableClassDetails done
Event: 2.395 loading class org/gradle/internal/reflect/NoSuchPropertyException
Event: 2.395 loading class org/gradle/internal/reflect/NoSuchPropertyException done
Event: 2.396 loading class org/gradle/internal/reflect/PropertyDetails
Event: 2.396 loading class org/gradle/internal/reflect/PropertyDetails done


Dynamic libraries:
0x00007ff65d210000 - 0x00007ff65d241000 	C:\Program Files\Android\Android Studio\jre\bin\java.exe
0x00007ffeede50000 - 0x00007ffeee046000 	C:\WINDOWS\SYSTEM32\ntdll.dll
0x00007ffeed400000 - 0x00007ffeed4bd000 	C:\WINDOWS\System32\KERNEL32.DLL
0x00007ffeebb50000 - 0x00007ffeebe18000 	C:\WINDOWS\System32\KERNELBASE.dll
0x00007ffeedc30000 - 0x00007ffeedcda000 	C:\WINDOWS\System32\ADVAPI32.dll
0x00007ffeece50000 - 0x00007ffeeceee000 	C:\WINDOWS\System32\msvcrt.dll
0x00007ffeec600000 - 0x00007ffeec69b000 	C:\WINDOWS\System32\sechost.dll
0x00007ffeed710000 - 0x00007ffeed834000 	C:\WINDOWS\System32\RPCRT4.dll
0x00007ffeed570000 - 0x00007ffeed710000 	C:\WINDOWS\System32\USER32.dll
0x00007ffeeb890000 - 0x00007ffeeb8b2000 	C:\WINDOWS\System32\win32u.dll
0x00007ffeecdc0000 - 0x00007ffeecdea000 	C:\WINDOWS\System32\GDI32.dll
0x00007ffeeb780000 - 0x00007ffeeb889000 	C:\WINDOWS\System32\gdi32full.dll
0x00007ffeebe20000 - 0x00007ffeebebd000 	C:\WINDOWS\System32\msvcp_win.dll
0x00007ffeeb920000 - 0x00007ffeeba20000 	C:\WINDOWS\System32\ucrtbase.dll
0x00007ffeea9c0000 - 0x00007ffeeac5b000 	C:\WINDOWS\WinSxS\amd64_microsoft.windows.common-controls_6595b64144ccf1df_6.0.19041.488_none_ca04af081b815d21\COMCTL32.dll
0x00007ffeed3d0000 - 0x00007ffeed400000 	C:\WINDOWS\System32\IMM32.DLL
0x0000000054ad0000 - 0x0000000054ba2000 	C:\Program Files\Android\Android Studio\jre\jre\bin\msvcr100.dll
0x0000000055500000 - 0x0000000055d4b000 	C:\Program Files\Android\Android Studio\jre\jre\bin\server\jvm.dll
0x00007ffeed840000 - 0x00007ffeed848000 	C:\WINDOWS\System32\PSAPI.DLL
0x00007ffee3390000 - 0x00007ffee339a000 	C:\WINDOWS\SYSTEM32\VERSION.dll
0x00007ffed1400000 - 0x00007ffed1409000 	C:\WINDOWS\SYSTEM32\WSOCK32.dll
0x00007ffedb290000 - 0x00007ffedb2b7000 	C:\WINDOWS\SYSTEM32\WINMM.dll
0x00007ffeecd50000 - 0x00007ffeecdbb000 	C:\WINDOWS\System32\WS2_32.dll
0x00007ffeca410000 - 0x00007ffeca41f000 	C:\Program Files\Android\Android Studio\jre\jre\bin\verify.dll
0x00007ffeba5b0000 - 0x00007ffeba5d9000 	C:\Program Files\Android\Android Studio\jre\jre\bin\java.dll
0x00007ffeba590000 - 0x00007ffeba5a6000 	C:\Program Files\Android\Android Studio\jre\jre\bin\zip.dll
0x00007ffeebec0000 - 0x00007ffeec600000 	C:\WINDOWS\System32\SHELL32.dll
0x00007ffee90a0000 - 0x00007ffee9834000 	C:\WINDOWS\SYSTEM32\windows.storage.dll
0x00007ffeed850000 - 0x00007ffeedba5000 	C:\WINDOWS\System32\combase.dll
0x00007ffeea920000 - 0x00007ffeea94c000 	C:\WINDOWS\SYSTEM32\Wldp.dll
0x00007ffeeca90000 - 0x00007ffeecb3e000 	C:\WINDOWS\System32\SHCORE.dll
0x00007ffeecdf0000 - 0x00007ffeece45000 	C:\WINDOWS\System32\shlwapi.dll
0x00007ffeeb4d0000 - 0x00007ffeeb4f6000 	C:\WINDOWS\SYSTEM32\profapi.dll
0x00007ffeba570000 - 0x00007ffeba58a000 	C:\Program Files\Android\Android Studio\jre\jre\bin\net.dll
0x00007ffeea6c0000 - 0x00007ffeea72a000 	C:\WINDOWS\system32\mswsock.dll
0x00007ffeba530000 - 0x00007ffeba543000 	C:\Program Files\Android\Android Studio\jre\jre\bin\nio.dll
0x00007ffee83a0000 - 0x00007ffee83c6000 	C:\Users\Rachit\.gradle\native\31\windows-amd64\native-platform.dll
0x00007ffeca310000 - 0x00007ffeca31d000 	C:\Program Files\Android\Android Studio\jre\jre\bin\management.dll
0x00007ffeeb2c0000 - 0x00007ffeeb2d8000 	C:\WINDOWS\SYSTEM32\CRYPTSP.dll
0x00007ffeea050000 - 0x00007ffeea084000 	C:\WINDOWS\system32\rsaenh.dll
0x00007ffeeb5a0000 - 0x00007ffeeb5c7000 	C:\WINDOWS\System32\bcrypt.dll
0x00007ffeeb450000 - 0x00007ffeeb47e000 	C:\WINDOWS\SYSTEM32\USERENV.dll
0x00007ffeeba20000 - 0x00007ffeeba9f000 	C:\WINDOWS\System32\bcryptprimitives.dll
0x00007ffeea890000 - 0x00007ffeea89c000 	C:\WINDOWS\SYSTEM32\CRYPTBASE.dll
0x00007ffeea3b0000 - 0x00007ffeea3eb000 	C:\WINDOWS\SYSTEM32\IPHLPAPI.DLL
0x00007ffeec810000 - 0x00007ffeec819000 	C:\WINDOWS\System32\NSI.dll
0x00007ffee88d0000 - 0x00007ffee88e7000 	C:\WINDOWS\SYSTEM32\dhcpcsvc6.DLL
0x00007ffee88b0000 - 0x00007ffee88cd000 	C:\WINDOWS\SYSTEM32\dhcpcsvc.DLL
0x00007ffeea3f0000 - 0x00007ffeea4bb000 	C:\WINDOWS\SYSTEM32\DNSAPI.dll
0x00007ffeeaf30000 - 0x00007ffeeb114000 	C:\WINDOWS\SYSTEM32\dbghelp.dll

VM Arguments:
jvm_args: -Xmx2048m -Dfile.encoding=windows-1252 -Duser.country=US -Duser.language=en -Duser.variant 
java_command: org.gradle.launcher.daemon.bootstrap.GradleDaemon 6.1.1
java_class_path (initial): C:\Users\Rachit\.gradle\wrapper\dists\gradle-6.1.1-all\cfmwm155h49vnt3hynmlrsdst\gradle-6.1.1\lib\gradle-launcher-6.1.1.jar
Launcher Type: SUN_STANDARD

Environment Variables:
PATH=C:\Program Files (x86)\Intel\Intel(R) Management Engine Components\iCLS\;C:\Program Files\Intel\Intel(R) Management Engine Components\iCLS\;C:\windows\system32;C:\windows;C:\windows\System32\Wbem;C:\windows\System32\WindowsPowerShell\v1.0\;C:\Program Files (x86)\Intel\Intel(R) Management Engine Components\DAL;C:\Program Files\Intel\Intel(R) Management Engine Components\DAL;C:\Program Files (x86)\Intel\Intel(R) Management Engine Components\IPT;C:\Program Files\Intel\Intel(R) Management Engine Components\IPT;C:\Program Files (x86)\NVIDIA Corporation\PhysX\Common;C:\Program Files\Intel\WiFi\bin\;C:\Program Files\Common Files\Intel\WirelessCommon\;C:\WINDOWS\system32;C:\WINDOWS;C:\WINDOWS\System32\Wbem;C:\WINDOWS\System32\WindowsPowerShell\v1.0\;C:\WINDOWS\System32\OpenSSH\;C:\MinGW\bin;C:\Program Files\Git\cmd;C:\Program Files\NVIDIA Corporation\NVIDIA NvDLISR;C:\WINDOWS\system32;C:\WINDOWS;C:\WINDOWS\System32\Wbem;C:\WINDOWS\System32\WindowsPowerShell\v1.0\;C:\WINDOWS\System32\OpenSSH\;C:\Users\Rachit\AppData\Local\Microsoft\WindowsApps;
USERNAME=Rachit
OS=Windows_NT
PROCESSOR_IDENTIFIER=Intel64 Family 6 Model 158 Stepping 10, GenuineIntel



---------------  S Y S T E M  ---------------

OS: Windows 10.0 , 64 bit Build 19041 (10.0.19041.546)

CPU:total 8 (initial active 8) (4 cores per cpu, 2 threads per core) family 6 model 158 stepping 10, cmov, cx8, fxsr, mmx, sse, sse2, sse3, ssse3, sse4.1, sse4.2, popcnt, avx, avx2, aes, clmul, erms, 3dnowpref, lzcnt, ht, tsc, tscinvbit, bmi1, bmi2, adx

Memory: 4k page, physical 8275092k(2467696k free), swap 15352980k(7367052k free)

vm_info: OpenJDK 64-Bit Server VM (25.242-b01) for windows-amd64 JRE (1.8.0_242-release-1644-b01), built by "builder" with MS VC++ 10.0 (VS2010)

time: Sat Oct 17 20:06:16 2020
timezone: India Standard Time
elapsed time: 2 seconds (0d 0h 0m 2s)

